[0m[0m
[0m[4mE:\2026\march\consultancy _portfolio\src\components\AboutSection.tsx[24m[0m
[0m  [2m31:25[22m  [31merror[39m  `'` can be escaped with `&apos;`, `&lsquo;`, `&#39;`, `&rsquo;`  [2mreact/no-unescaped-entities[22m[0m
[0m[0m
[0m[4mE:\2026\march\consultancy _portfolio\src\components\ContactSection.tsx[24m[0m
[0m  [2m32:18[22m  [31merror[39m  `'` can be escaped with `&apos;`, `&lsquo;`, `&#39;`, `&rsquo;`  [2mreact/no-unescaped-entities[22m[0m
[0m[0m
[0m[4mE:\2026\march\consultancy _portfolio\src\components\Footer.tsx[24m[0m
[0m  [2m4:34[22m  [33mwarning[39m  'Twitter' is defined but never used  [2m@typescript-eslint/no-unused-vars[22m[0m
[0m[0m
[0m[4mE:\2026\march\consultancy _portfolio\src\components\HeroSection.tsx[24m[0m
[0m   [2m5:22[22m  [33mwarning[39m  'Download' is defined but never used                                                                      [2m@typescript-eslint/no-unused-vars[22m[0m
[0m  [2m51:6[22m   [33mwarning[39m  React Hook useEffect has a missing dependency: 'roles'. Either include it or remove the dependency array  [2mreact-hooks/exhaustive-deps[22m[0m
[0m[0m
[0m[4mE:\2026\march\consultancy _portfolio\src\components\ThemeToggle.tsx[24m[0m
[0m  [2m12:5[22m  [31merror[39m  Error: Calling setState synchronously within an effect can trigger cascading renders[0m
[0m[0m
[0mEffects are intended to synchronize state between React and external systems such as manually updating the DOM, state management libraries, or other platform APIs. In general, the body of an effect should do one or both of the following:[0m
[0m* Update external systems with the latest state from React.[0m
[0m* Subscribe for updates from some external system, calling setState in a callback function when external state changes.[0m
[0m[0m
[0mCalling setState synchronously within an effect body causes cascading renders that can hurt performance, and is not recommended. (https://react.dev/learn/you-might-not-need-an-effect).[0m
[0m[0m
[0mE:\2026\march\consultancy _portfolio\src\components\ThemeToggle.tsx:12:5[0m
[0m  10 |[0m
[0m  11 |   useEffect(() => {[0m
[0m> 12 |     setMounted(true);[0m
[0m     |     ^^^^^^^^^^ Avoid calling setState() directly within an effect[0m
[0m  13 |   }, []);[0m
[0m  14 |[0m
[0m  15 |   if (!mounted) {  [2mreact-hooks/set-state-in-effect[22m[0m
[0m[0m
[0m[31m[1m✖ 6 problems (3 errors, 3 warnings)[22m[39m[0m
[0m[31m[1m[22m[39m[0m